[03:56:52] [INIT] KubeJS 2001.6.5-build.16; MC 2001 forge
[03:56:52] [INIT] Loaded plugins:
[03:56:52] [INIT] - dev.latvian.mods.kubejs.forge.BuiltinKubeJSForgePlugin
[03:56:52] [INFO] Loaded script server_scripts:cursedwalkingrecipechanges.js in 0.003 s
[03:56:52] [INFO] Loaded script server_scripts:itemRecipeBlacklist.js in 0.002 s
[03:56:52] [INFO] Loaded script server_scripts:matt's_stims_server.js in 0.001 s
[03:56:52] [INFO] Loaded 3/3 KubeJS server scripts in 0.032 s with 0 errors and 0 warnings
[03:56:52] [INFO] Scripts loaded
[03:56:52] [INFO] Initializing recipe event...
[03:56:56] [INFO] [minecraft:item] Found 916 tags, added 0 objects, removed 1 objects
[03:56:58] [INFO] Processing recipes...
[03:56:58] [WARN] Failed to parse recipe 'the_deep_void:lavendite_devourer_hook_recipe[minecraft:smithing_transform]'! Falling back to vanilla: Ingredient 'template' can't be empty!
[03:56:58] [WARN] Failed to parse recipe 'psg:modprova[minecraft:crafting_shapeless]'! Falling back to vanilla: ItemStack 'result' can't be empty!
[03:56:58] [WARN] Failed to parse recipe 'the_deep_void:bismuth_netherite_sword_recipe[minecraft:smithing_transform]'! Falling back to vanilla: Ingredient 'template' can't be empty!
[03:56:58] [WARN] Failed to parse recipe 'the_deep_void:lavendite_onyx_sword[minecraft:smithing_transform]'! Falling back to vanilla: Ingredient 'template' can't be empty!
[03:56:58] [WARN] Failed to parse recipe 'psg:quarkrecipe_2[minecraft:crafting_shapeless]'! Falling back to vanilla: ItemStack 'result' can't be empty!
[03:56:58] [WARN] Failed to parse recipe 'the_deep_void:lavendite_netherite_sword[minecraft:smithing_transform]'! Falling back to vanilla: Ingredient 'template' can't be empty!
[03:56:58] [WARN] Failed to parse recipe 'the_deep_void:bismuth_netherite_helmet[minecraft:smithing_transform]'! Falling back to vanilla: Ingredient 'template' can't be empty!
[03:56:58] [WARN] Failed to parse recipe 'the_deep_void:lavendite_golden_sword[minecraft:smithing_transform]'! Falling back to vanilla: Ingredient 'template' can't be empty!
[03:56:58] [WARN] Failed to parse recipe 'the_deep_void:bismuth_netherite_pickaxe_recipe[minecraft:smithing_transform]'! Falling back to vanilla: Ingredient 'template' can't be empty!
[03:56:58] [WARN] Failed to parse recipe 'the_deep_void:rotten_netherite_sword[minecraft:smithing_transform]'! Falling back to vanilla: Ingredient 'template' can't be empty!
[03:56:58] [WARN] Failed to parse recipe 'the_deep_void:bismuth_netherite_leggings[minecraft:smithing_transform]'! Falling back to vanilla: Ingredient 'template' can't be empty!
[03:56:58] [WARN] Failed to parse recipe 'the_deep_void:lavendite_wooden_sword[minecraft:smithing_transform]'! Falling back to vanilla: Ingredient 'template' can't be empty!
[03:56:58] [WARN] Failed to parse recipe 'the_deep_void:bismuth_netherite_shovel_recipe[minecraft:smithing_transform]'! Falling back to vanilla: Ingredient 'template' can't be empty!
[03:56:58] [WARN] Failed to parse recipe 'the_deep_void:lavendite_shield[minecraft:smithing_transform]'! Falling back to vanilla: Ingredient 'template' can't be empty!
[03:56:58] [WARN] Failed to parse recipe 'the_deep_void:rotten_wooden_sword[minecraft:smithing_transform]'! Falling back to vanilla: Ingredient 'template' can't be empty!
[03:56:58] [WARN] Failed to parse recipe 'the_deep_void:bismuth_netherite_boots[minecraft:smithing_transform]'! Falling back to vanilla: Ingredient 'template' can't be empty!
[03:56:58] [WARN] Failed to parse recipe 'the_deep_void:bismuth_netherite_axe_recipe[minecraft:smithing_transform]'! Falling back to vanilla: Ingredient 'template' can't be empty!
[03:56:58] [WARN] Failed to parse recipe 'the_deep_void:rotten_iron_sword[minecraft:smithing_transform]'! Falling back to vanilla: Ingredient 'template' can't be empty!
[03:56:58] [WARN] Failed to parse recipe 'the_deep_void:lavendite_stone_sword[minecraft:smithing_transform]'! Falling back to vanilla: Ingredient 'template' can't be empty!
[03:56:58] [WARN] Failed to parse recipe 'the_deep_void:lavendite_diamond_sword[minecraft:smithing_transform]'! Falling back to vanilla: Ingredient 'template' can't be empty!
[03:56:58] [WARN] Failed to parse recipe 'the_deep_void:bismuth_netherite_hoe_recipe[minecraft:smithing_transform]'! Falling back to vanilla: Ingredient 'template' can't be empty!
[03:56:58] [WARN] Failed to parse recipe 'the_deep_void:lavendite_bone_sword[minecraft:smithing_transform]'! Falling back to vanilla: Ingredient 'template' can't be empty!
[03:56:58] [WARN] Failed to parse recipe 'the_deep_void:rotten_diamond_sword[minecraft:smithing_transform]'! Falling back to vanilla: Ingredient 'template' can't be empty!
[03:56:58] [WARN] Failed to parse recipe 'the_deep_void:rotten_golden_sword[minecraft:smithing_transform]'! Falling back to vanilla: Ingredient 'template' can't be empty!
[03:56:58] [WARN] Failed to parse recipe 'the_deep_void:bismuth_netherite_chestplate[minecraft:smithing_transform]'! Falling back to vanilla: Ingredient 'template' can't be empty!
[03:56:58] [WARN] Failed to parse recipe 'the_deep_void:rotten_tongue_hook[minecraft:smithing_transform]'! Falling back to vanilla: Ingredient 'template' can't be empty!
[03:56:58] [WARN] Failed to parse recipe 'the_deep_void:rotten_stone_sword[minecraft:smithing_transform]'! Falling back to vanilla: Ingredient 'template' can't be empty!
[03:56:58] [WARN] Failed to parse recipe 'the_deep_void:lavendite_iron_sword[minecraft:smithing_transform]'! Falling back to vanilla: Ingredient 'template' can't be empty!
[03:56:58] [WARN] Failed to parse recipe 'the_deep_void:void_vision_spyglass[minecraft:smithing_transform]'! Falling back to vanilla: Ingredient 'template' can't be empty!
[03:56:58] [INFO] Found 8958 recipes in 288.1 ms
[03:56:58] [INFO] cursedwalkingrecipechanges.js#2: CW Recipe Tweaks has fired.
[03:56:58] [INFO] itemRecipeBlacklist.js#59: immersive_weathering:iron_ingot_from_clean_block
[03:56:58] [INFO] itemRecipeBlacklist.js#59: immersive_weathering:iron_ingot_from_clean_block_blasting
[03:56:58] [INFO] itemRecipeBlacklist.js#59: immersive_weathering:iron_ingot_from_exposed_block
[03:56:58] [INFO] itemRecipeBlacklist.js#59: immersive_weathering:iron_ingot_from_exposed_block_blasting
[03:56:58] [INFO] itemRecipeBlacklist.js#59: immersive_weathering:iron_ingot_from_rusted_block
[03:56:58] [INFO] itemRecipeBlacklist.js#59: immersive_weathering:iron_ingot_from_rusted_block_blasting
[03:56:58] [INFO] itemRecipeBlacklist.js#59: immersive_weathering:iron_ingot_from_weathered_block
[03:56:58] [INFO] itemRecipeBlacklist.js#59: immersive_weathering:iron_ingot_from_weathered_block_blasting
[03:56:59] [INFO] Posted recipe events in 483.2 ms
[03:56:59] [INFO] Added 8 recipes, removed 30 recipes, modified 3 recipes, with 0 failed recipes in 110.7 ms
[03:57:18] [INFO] Server resource reload complete!
