[04:35:46.084][INFO][CraftTweaker-EarlyInit]: CraftTweaker is running on a Minecraft 1.20.1 production server modded with platform Forge
[04:35:46.112][INFO][CraftTweaker-EarlyInit]: Successfully injected RecipeFS file system
[04:35:46.178][INFO][CraftTweaker-Plugins]: Successfully identified and loaded plugin crafttweaker:builtin
[04:35:46.187][INFO][CraftTweaker-Plugins]: Successfully identified and loaded plugin crafttweaker:builtin_forge
[04:35:46.189][INFO][CraftTweaker-Plugins]: Successfully identified and loaded plugin createtweaker:main
[04:35:46.197][INFO][CraftTweaker-Plugins]: Successfully identified and loaded plugin farmersdelight:crafttweaker_plugin
[04:35:46.199][INFO][CraftTweaker-Plugins]: Successfully identified and loaded plugin refurbished_furniture:plugin
[04:35:47.464][INFO][CraftTweaker]: The following mods have explicit CraftTweaker support through the default plugin:
[04:35:47.468][INFO][CraftTweaker]: - 'crafttweaker' at version '14.0.44'
[04:35:47.468][INFO][CraftTweaker]: - 'createtweaker' at version '4.0.13'
[04:35:47.468][INFO][CraftTweaker]: - 'farmersdelight' at version '1.20.1-1.2.5'
[04:35:47.468][INFO][CraftTweaker]: - 'refurbished_furniture' at version '1.0.8'
[04:35:56.809][INFO][CraftTweaker-ZenCode]: Started loading scripts for loader 'initialize'
[04:35:57.987][INFO][CraftTweaker-ZenCode]: Compiling and executing scripts
[04:35:58.042][INFO][CraftTweaker-ZenCode]: Successfully initialized modules [crafttweaker, expansions]
[04:35:58.194][INFO][CraftTweaker-ZenCode]: Execution for loader 'initialize' completed successfully
[04:36:29.072][INFO][CraftTweaker-ZenCode]: Started loading scripts for loader 'tags'
[04:36:29.121][INFO][CraftTweaker-ZenCode]: Compiling and executing scripts
[04:36:29.150][INFO][CraftTweaker-ZenCode]: Successfully initialized modules [crafttweaker, expansions]
[04:36:29.167][INFO][CraftTweaker-ZenCode]: Execution for loader 'tags' completed successfully
[04:36:30.641][INFO][CraftTweaker]: crafttweaker.reload.start
[04:36:30.648][INFO][CraftTweaker-ZenCode]: Started loading scripts for loader 'crafttweaker'
[04:36:30.698][INFO][CraftTweaker-ZenCode]: Compiling and executing scripts
[04:36:31.153][INFO][CraftTweaker-ZenCode]: Successfully initialized modules [mods, crafttweaker, expansions]
[04:36:31.168][INFO][CraftTweaker-ZenCode]: Execution for loader 'crafttweaker' completed successfully
[04:36:31.169][INFO][CraftTweaker]: crafttweaker.reload.complete
